
### 2025-06-11 14:04:28 - Backup Manual Creado
**Usuario:** admin
**Archivo:** config_backup_manual_2025-06-11_14-04-28.ini
**Tamaño:** 802 bytes
---

### 2025-06-11 14:07:33 - Backup Manual Creado
**Usuario:** admin
**Archivo:** config_backup_manual_2025-06-11_14-07-33.ini
**Tamaño:** 802 bytes
---

### 2025-06-11 14:08:16 - Backup Manual Creado
**Usuario:** admin
**Archivo:** config_backup_manual_2025-06-11_14-08-16.ini
**Tamaño:** 802 bytes
---

### 2025-06-11 14:08:57 - Backup Manual Creado
**Usuario:** admin
**Archivo:** config_backup_manual_2025-06-11_14-08-57.ini
**Tamaño:** 802 bytes
---

### 2025-06-11 14:09:15 - Backup Manual Creado
**Usuario:** admin
**Archivo:** config_backup_manual_2025-06-11_14-09-15.ini
**Tamaño:** 802 bytes
---

### 2025-06-11 14:12:25 - Backup Manual Creado
**Usuario:** admin
**Archivo:** config_backup_manual_2025-06-11_14-12-25.ini
**Tamaño:** 802 bytes
---

### 2025-06-11 14:13:03 - Backup Manual Creado
**Usuario:** admin
**Archivo:** config_backup_manual_2025-06-11_14-13-03.ini
**Tamaño:** 802 bytes
---

### 2025-06-11 14:14:22 - Backup Manual Creado
**Usuario:** admin
**Archivo:** config_backup_manual_2025-06-11_14-14-22.ini
**Tamaño:** 802 bytes
---

### 2025-06-11 14:20:17 - Backup Manual Creado
**Usuario:** admin
**Archivo:** config_backup_manual_2025-06-11_14-20-17.ini
**Tamaño:** 802 bytes
---

### 2025-06-11 14:21:37 - Backup Manual Creado
**Usuario:** admin
**Archivo:** config_backup_manual_2025-06-11_14-21-37.ini
**Tamaño:** 802 bytes
---

### 2025-06-11 14:23:17 - Backup Manual Creado
**Usuario:** admin
**Archivo:** config_backup_manual_2025-06-11_14-23-17.ini
**Tamaño:** 629 bytes
---

### 2025-06-11 14:24:00 - Backup Manual Creado
**Usuario:** admin
**Archivo:** config_backup_manual_2025-06-11_14-24-00.ini
**Tamaño:** 629 bytes
---

### 2025-06-11 16:24:20 - Configuración Actualizada
**Usuario:** admin
**Cambios realizados:**
- Umbrales ambientales modificados
- Configuración del sistema actualizada
- Respaldo generado: configbackup/config_backup_2025-06-11_16-24-20.ini
---

### 2025-06-11 16:24:54 - Configuración Actualizada
**Usuario:** admin
**Cambios realizados:**
- Umbrales ambientales modificados
- Configuración del sistema actualizada
- Respaldo generado: configbackup/config_backup_2025-06-11_16-24-54.ini
---

### 2025-06-11 16:26:46 - Configuración Actualizada
**Usuario:** admin
**Cambios realizados:**
- Umbrales ambientales modificados
- Configuración del sistema actualizada
- Respaldo generado: configbackup/config_backup_2025-06-11_16-26-46.ini
---

### 2025-06-11 16:26:55 - Configuración Actualizada
**Usuario:** admin
**Cambios realizados:**
- Umbrales ambientales modificados
- Configuración del sistema actualizada
- Respaldo generado: configbackup/config_backup_2025-06-11_16-26-55.ini
---

### 2025-06-11 14:31:12 - Backup Eliminado
**Usuario:** admin
**Archivo eliminado:** config_backup_2025-06-08_23-50-00.ini
**Tamaño:** 977 bytes
**Fecha original:** 2025-06-08 21:27:34
---

### 2025-06-11 14:31:16 - Backup Eliminado
**Usuario:** admin
**Archivo eliminado:** config_backup_manual_2025-06-11_14-04-28.ini
**Tamaño:** 802 bytes
**Fecha original:** 2025-06-11 14:04:28
---

### 2025-06-11 14:31:22 - Backup Eliminado
**Usuario:** admin
**Archivo eliminado:** config_backup_manual_2025-06-11_14-07-33.ini
**Tamaño:** 802 bytes
**Fecha original:** 2025-06-11 14:07:33
---

### 2025-06-11 14:31:26 - Backup Eliminado
**Usuario:** admin
**Archivo eliminado:** config_backup_manual_2025-06-11_14-08-16.ini
**Tamaño:** 802 bytes
**Fecha original:** 2025-06-11 14:08:16
---

### 2025-06-11 14:31:30 - Backup Eliminado
**Usuario:** admin
**Archivo eliminado:** config_backup_manual_2025-06-11_14-08-57.ini
**Tamaño:** 802 bytes
**Fecha original:** 2025-06-11 14:08:57
---

### 2025-06-11 14:31:35 - Backup Eliminado
**Usuario:** admin
**Archivo eliminado:** config_backup_manual_2025-06-11_14-09-15.ini
**Tamaño:** 802 bytes
**Fecha original:** 2025-06-11 14:09:15
---

### 2025-06-11 14:31:40 - Backup Eliminado
**Usuario:** admin
**Archivo eliminado:** config_backup_manual_2025-06-11_14-12-25.ini
**Tamaño:** 802 bytes
**Fecha original:** 2025-06-11 14:12:25
---

### 2025-06-11 14:31:44 - Backup Eliminado
**Usuario:** admin
**Archivo eliminado:** config_backup_manual_2025-06-11_14-13-03.ini
**Tamaño:** 802 bytes
**Fecha original:** 2025-06-11 14:13:03
---

### 2025-06-11 14:31:54 - Backup Eliminado
**Usuario:** admin
**Archivo eliminado:** config_backup_manual_2025-06-11_14-14-22.ini
**Tamaño:** 802 bytes
**Fecha original:** 2025-06-11 14:14:22
---

### 2025-06-11 14:32:05 - Backup Eliminado
**Usuario:** admin
**Archivo eliminado:** config_backup_manual_2025-06-11_14-20-17.ini
**Tamaño:** 802 bytes
**Fecha original:** 2025-06-11 14:20:17
---

### 2025-06-11 16:36:46 - Configuración Actualizada
**Usuario:** admin
**Cambios realizados:**
- Umbrales ambientales modificados
- Configuración del sistema actualizada
- Respaldo generado: configbackup/config_backup_2025-06-11_16-36-46.ini
---

### 2025-06-11 16:38:41 - Configuración Actualizada
**Usuario:** admin
**Cambios realizados:**
- Umbrales ambientales modificados
- Configuración del sistema actualizada
- Respaldo generado: configbackup/config_backup_2025-06-11_16-38-41.ini
---

### 2025-06-11 16:39:29 - Configuración Actualizada
**Usuario:** admin
**Cambios realizados:**
- Umbrales ambientales modificados
- Configuración del sistema actualizada
- Respaldo generado: configbackup/config_backup_2025-06-11_16-39-29.ini
---

### 2025-06-11 16:44:51 - Configuración Actualizada
**Usuario:** admin
**Cambios realizados:**
- Umbrales ambientales modificados
- Configuración del sistema actualizada
- Logo del sistema actualizado
- Respaldo generado: configbackup/config_backup_2025-06-11_16-44-51.ini
---

### 2025-06-11 16:46:30 - Configuración Actualizada
**Usuario:** admin
**Cambios realizados:**
- Umbrales ambientales modificados
- Configuración del sistema actualizada
- Respaldo generado: configbackup/config_backup_2025-06-11_16-46-30.ini
---

### 2025-06-11 16:51:28 - Configuración Actualizada
**Usuario:** admin
**Cambios realizados:**
- Umbrales ambientales modificados
- Configuración del sistema actualizada
- Respaldo generado: configbackup/config_backup_2025-06-11_16-51-28.ini
---

### 2025-06-11 16:51:45 - Configuración Actualizada
**Usuario:** admin
**Cambios realizados:**
- Umbrales ambientales modificados
- Configuración del sistema actualizada
- Respaldo generado: configbackup/config_backup_2025-06-11_16-51-45.ini
---

### 2025-06-11 15:00:20 - Test de Nueva Ubicación
**Usuario:** Test Script
**Operación:** Verificación de nueva ubicación de logs
**Estado:** Funcional
---

### 2025-06-11 18:33:22 - Configuración Actualizada
**Usuario:** admin
**Cambios realizados:**
- Umbrales ambientales modificados
- Configuración del sistema actualizada
- Respaldo generado: configbackup/config_backup_2025-06-11_18-33-22.ini
---

### 2025-06-11 18:38:09 - Configuración Actualizada
**Usuario:** admin
**Cambios realizados:**
- Umbrales ambientales modificados
- Configuración del sistema actualizada
- Respaldo generado: configbackup/config_backup_2025-06-11_18-38-09.ini
---

### 2025-06-11 18:38:29 - Configuración Actualizada
**Usuario:** admin
**Cambios realizados:**
- Umbrales ambientales modificados
- Configuración del sistema actualizada
- Respaldo generado: configbackup/config_backup_2025-06-11_18-38-29.ini
---

### 2025-06-11 18:38:36 - Configuración Actualizada
**Usuario:** admin
**Cambios realizados:**
- Umbrales ambientales modificados
- Configuración del sistema actualizada
- Respaldo generado: configbackup/config_backup_2025-06-11_18-38-36.ini
---

### 2025-06-11 18:48:46 - Configuración Actualizada
**Usuario:** admin
**Cambios realizados:**
- Umbrales ambientales modificados
- Configuración del sistema actualizada
- Respaldo generado: configbackup/config_backup_2025-06-11_18-48-46.ini
---

### 2025-06-11 18:49:20 - Configuración Actualizada
**Usuario:** admin
**Cambios realizados:**
- Umbrales ambientales modificados
- Configuración del sistema actualizada
- Respaldo generado: configbackup/config_backup_2025-06-11_18-49-20.ini
---

### 2025-06-11 22:33:15 - Configuración Actualizada
**Usuario:** admin
**Cambios realizados:**
- Umbrales ambientales modificados
- Configuración del sistema actualizada
- Respaldo generado: configbackup/config_backup_2025-06-11_22-33-15.ini
---

### 2025-06-11 22:33:49 - Configuración Actualizada
**Usuario:** admin
**Cambios realizados:**
- Umbrales ambientales modificados
- Configuración del sistema actualizada
- Respaldo generado: configbackup/config_backup_2025-06-11_22-33-49.ini
---

### 2025-06-11 22:57:25 - Configuración Actualizada
**Usuario:** admin
**Cambios realizados:**
- Umbrales ambientales modificados
- Configuración del sistema actualizada
- Logo del sistema actualizado
- Respaldo generado: configbackup/config_backup_2025-06-11_22-57-25.ini
---

### 2025-06-11 22:57:28 - Configuración Actualizada
**Usuario:** admin
**Cambios realizados:**
- Umbrales ambientales modificados
- Configuración del sistema actualizada
- Logo del sistema actualizado
- Respaldo generado: configbackup/config_backup_2025-06-11_22-57-28.ini
---

### 2025-06-11 22:57:31 - Configuración Actualizada
**Usuario:** admin
**Cambios realizados:**
- Umbrales ambientales modificados
- Configuración del sistema actualizada
- Logo del sistema actualizado
- Respaldo generado: configbackup/config_backup_2025-06-11_22-57-31.ini
---

### 2025-06-11 23:33:04 - Configuración Actualizada
**Usuario:** admin
**Cambios realizados:**
- Umbrales ambientales modificados
- Configuración del sistema actualizada
- Logo del sistema actualizado
- Respaldo generado: configbackup/config_backup_2025-06-11_23-33-04.ini
---

### 2025-06-11 23:33:07 - Configuración Actualizada
**Usuario:** admin
**Cambios realizados:**
- Umbrales ambientales modificados
- Configuración del sistema actualizada
- Logo del sistema actualizado
- Respaldo generado: configbackup/config_backup_2025-06-11_23-33-07.ini
---

### 2025-06-11 23:33:10 - Configuración Actualizada
**Usuario:** admin
**Cambios realizados:**
- Umbrales ambientales modificados
- Configuración del sistema actualizada
- Logo del sistema actualizado
- Respaldo generado: configbackup/config_backup_2025-06-11_23-33-10.ini
---

### 2025-06-11 23:33:14 - Configuración Actualizada
**Usuario:** admin
**Cambios realizados:**
- Umbrales ambientales modificados
- Configuración del sistema actualizada
- Logo del sistema actualizado
- Respaldo generado: configbackup/config_backup_2025-06-11_23-33-14.ini
---

### 2025-06-11 23:33:17 - Configuración Actualizada
**Usuario:** admin
**Cambios realizados:**
- Umbrales ambientales modificados
- Configuración del sistema actualizada
- Logo del sistema actualizado
- Respaldo generado: configbackup/config_backup_2025-06-11_23-33-17.ini
---

### 2025-06-11 23:33:33 - Configuración Actualizada
**Usuario:** admin
**Cambios realizados:**
- Umbrales ambientales modificados
- Configuración del sistema actualizada
- Respaldo generado: configbackup/config_backup_2025-06-11_23-33-33.ini
---
